2003.10.15 19:51 B G:\fttpftp\products\bizclaire.htm --> ftp.altechstar.com /products bizclaire.htm
2003.10.15 19:51 B G:\fttpftp\products\chart.htm --> ftp.altechstar.com /products chart.htm
2003.10.15 19:51 B G:\fttpftp\products\finac.htm --> ftp.altechstar.com /products finac.htm
2003.10.15 19:51 B G:\fttpftp\products\gastro.htm --> ftp.altechstar.com /products gastro.htm
2003.10.15 19:51 B G:\fttpftp\products\gastrov.htm --> ftp.altechstar.com /products gastrov.htm
2003.10.15 19:51 B G:\fttpftp\products\medi.htm --> ftp.altechstar.com /products medi.htm
2003.10.15 19:51 B G:\fttpftp\products\obscan.htm --> ftp.altechstar.com /products obscan.htm
2003.10.15 19:52 B G:\fttpftp\products\stelar.htm --> ftp.altechstar.com /products stelar.htm
2003.10.15 19:52 B G:\fttpftp\products\value.htm --> ftp.altechstar.com /products value.htm
2003.10.16 14:57 B G:\fttpftp\products\bizclaire.htm --> ftp.altechstar.com /products bizclaire.htm
2003.10.16 14:57 B G:\fttpftp\products\chart.htm --> ftp.altechstar.com /products chart.htm
2003.10.16 14:57 B G:\fttpftp\products\finac.htm --> ftp.altechstar.com /products finac.htm
2003.10.16 14:57 B G:\fttpftp\products\gastro.htm --> ftp.altechstar.com /products gastro.htm
2003.10.16 14:57 B G:\fttpftp\products\gastrov.htm --> ftp.altechstar.com /products gastrov.htm
2003.10.16 14:57 B G:\fttpftp\products\medi.htm --> ftp.altechstar.com /products medi.htm
2003.10.16 14:57 B G:\fttpftp\products\obscan.htm --> ftp.altechstar.com /products obscan.htm
2003.10.16 14:58 B G:\fttpftp\products\stelar.htm --> ftp.altechstar.com /products stelar.htm
2003.10.16 14:58 B G:\fttpftp\products\value.htm --> ftp.altechstar.com /products value.htm
2003.10.16 14:58 B G:\fttpftp\products\WS_FTP.LOG --> ftp.altechstar.com /products WS_FTP.LOG
2004.04.01 10:52 B G:\fttpftp\products\bizclaire.htm --> ftp.altechstar.com /products bizclaire.htm
2004.04.01 10:52 B G:\fttpftp\products\chart.htm --> ftp.altechstar.com /products chart.htm
2004.04.01 10:52 B G:\fttpftp\products\finac.htm --> ftp.altechstar.com /products finac.htm
2004.04.01 10:52 B G:\fttpftp\products\gastro.htm --> ftp.altechstar.com /products gastro.htm
2004.04.01 10:52 B G:\fttpftp\products\gastrov.htm --> ftp.altechstar.com /products gastrov.htm
2004.04.01 10:52 B G:\fttpftp\products\medi.htm --> ftp.altechstar.com /products medi.htm
2004.04.01 10:53 B G:\fttpftp\products\obscan.htm --> ftp.altechstar.com /products obscan.htm
2004.04.01 10:53 B G:\fttpftp\products\stelar.htm --> ftp.altechstar.com /products stelar.htm
2004.04.01 10:53 B G:\fttpftp\products\value.htm --> ftp.altechstar.com /products value.htm
