2003.10.15 11:47 B G:\fttpftp\images\a.gif --> ftp.altechstar.com /images a.gif
2003.10.15 11:47 B G:\fttpftp\images\abo_locationhd.jpg --> ftp.altechstar.com /images abo_locationhd.jpg
2003.10.15 11:47 B G:\fttpftp\images\abo_qualityhd.jpg --> ftp.altechstar.com /images abo_qualityhd.jpg
2003.10.15 11:47 B G:\fttpftp\images\abo_whyhd.jpg --> ftp.altechstar.com /images abo_whyhd.jpg
2003.10.15 11:47 B G:\fttpftp\images\about_leftimg.jpg --> ftp.altechstar.com /images about_leftimg.jpg
2003.10.15 11:47 B G:\fttpftp\images\about_rightimg.jpg --> ftp.altechstar.com /images about_rightimg.jpg
2003.10.15 11:47 B G:\fttpftp\images\abouthd.jpg --> ftp.altechstar.com /images abouthd.jpg
2003.10.15 11:47 B G:\fttpftp\images\aiimslogo.jpg --> ftp.altechstar.com /images aiimslogo.jpg
2003.10.15 11:48 B G:\fttpftp\images\alliancehd.jpg --> ftp.altechstar.com /images alliancehd.jpg
2003.10.15 11:48 B G:\fttpftp\images\altechhome.swf --> ftp.altechstar.com /images altechhome.swf
2003.10.15 11:48 B G:\fttpftp\images\altechoffice.jpg --> ftp.altechstar.com /images altechoffice.jpg
2003.10.15 11:48 B G:\fttpftp\images\altechstar_logo.gif --> ftp.altechstar.com /images altechstar_logo.gif
2003.10.15 11:48 B G:\fttpftp\images\amsouthbank.gif --> ftp.altechstar.com /images amsouthbank.gif
2003.10.15 11:48 B G:\fttpftp\images\apollohospitals.gif --> ftp.altechstar.com /images apollohospitals.gif
2003.10.15 11:48 B G:\fttpftp\images\appdev.gif --> ftp.altechstar.com /images appdev.gif
2003.10.15 11:48 B G:\fttpftp\images\appdev_icon.gif --> ftp.altechstar.com /images appdev_icon.gif
2003.10.15 11:48 B G:\fttpftp\images\appdevon.gif --> ftp.altechstar.com /images appdevon.gif
2003.10.15 11:48 B G:\fttpftp\images\appmgmt.gif --> ftp.altechstar.com /images appmgmt.gif
2003.10.15 11:49 B G:\fttpftp\images\appmgmt_icon.gif --> ftp.altechstar.com /images appmgmt_icon.gif
2003.10.15 11:49 B G:\fttpftp\images\appmgmton.gif --> ftp.altechstar.com /images appmgmton.gif
2003.10.15 11:49 B G:\fttpftp\images\arrow.gif --> ftp.altechstar.com /images arrow.gif
2003.10.15 11:49 B G:\fttpftp\images\baktihusada.gif --> ftp.altechstar.com /images baktihusada.gif
2003.10.15 11:49 B G:\fttpftp\images\biz.gif --> ftp.altechstar.com /images biz.gif
2003.10.15 11:49 B G:\fttpftp\images\bizclaire_icon.gif --> ftp.altechstar.com /images bizclaire_icon.gif
2003.10.15 11:49 B G:\fttpftp\images\bizon.gif --> ftp.altechstar.com /images bizon.gif
2003.10.15 11:49 B G:\fttpftp\images\bullet.gif --> ftp.altechstar.com /images bullet.gif
2003.10.15 11:49 B G:\fttpftp\images\careerhd.jpg --> ftp.altechstar.com /images careerhd.jpg
2003.10.15 11:49 B G:\fttpftp\images\casehd1.gif --> ftp.altechstar.com /images casehd1.gif
2003.10.15 11:49 B G:\fttpftp\images\casehd10.gif --> ftp.altechstar.com /images casehd10.gif
2003.10.15 11:50 B G:\fttpftp\images\casehd11.gif --> ftp.altechstar.com /images casehd11.gif
2003.10.15 11:50 B G:\fttpftp\images\casehd12.gif --> ftp.altechstar.com /images casehd12.gif
2003.10.15 13:26 B G:\fttpftp\images\arrow.gif --> ftp.altechstar.com /images arrow.gif
2003.10.15 13:26 B G:\fttpftp\images\casehd13.gif --> ftp.altechstar.com /images casehd13.gif
2003.10.15 13:26 B G:\fttpftp\images\casehd14.gif --> ftp.altechstar.com /images casehd14.gif
2003.10.15 13:26 B G:\fttpftp\images\casehd2.gif --> ftp.altechstar.com /images casehd2.gif
2003.10.15 13:26 B G:\fttpftp\images\casehd3.gif --> ftp.altechstar.com /images casehd3.gif
2003.10.15 13:26 B G:\fttpftp\images\casehd5.gif --> ftp.altechstar.com /images casehd5.gif
2003.10.15 13:26 B G:\fttpftp\images\casehd6.gif --> ftp.altechstar.com /images casehd6.gif
2003.10.15 13:27 B G:\fttpftp\images\casehd8.gif --> ftp.altechstar.com /images casehd8.gif
2003.10.15 13:27 B G:\fttpftp\images\casehd9.gif --> ftp.altechstar.com /images casehd9.gif
2003.10.15 13:27 B G:\fttpftp\images\casestudy.gif --> ftp.altechstar.com /images casestudy.gif
2003.10.15 13:27 B G:\fttpftp\images\chart.gif --> ftp.altechstar.com /images chart.gif
2003.10.15 13:27 B G:\fttpftp\images\chart_icon.gif --> ftp.altechstar.com /images chart_icon.gif
2003.10.15 13:27 B G:\fttpftp\images\charton.gif --> ftp.altechstar.com /images charton.gif
2003.10.15 13:27 B G:\fttpftp\images\clienthd.jpg --> ftp.altechstar.com /images clienthd.jpg
2003.10.15 13:27 B G:\fttpftp\images\clientspk.gif --> ftp.altechstar.com /images clientspk.gif
2003.10.15 13:27 B G:\fttpftp\images\cmc_logo1.jpg --> ftp.altechstar.com /images cmc_logo1.jpg
2003.10.15 13:27 B G:\fttpftp\images\contacthd.jpg --> ftp.altechstar.com /images contacthd.jpg
2003.10.15 13:27 B G:\fttpftp\images\data.gif --> ftp.altechstar.com /images data.gif
2003.10.15 13:28 B G:\fttpftp\images\data_icon.gif --> ftp.altechstar.com /images data_icon.gif
2003.10.15 19:44 B G:\fttpftp\images\a.gif --> ftp.altechstar.com /images a.gif
2003.10.15 19:44 B G:\fttpftp\images\abo_locationhd.jpg --> ftp.altechstar.com /images abo_locationhd.jpg
2003.10.15 19:44 B G:\fttpftp\images\abo_qualityhd.jpg --> ftp.altechstar.com /images abo_qualityhd.jpg
2003.10.15 19:45 B G:\fttpftp\images\abo_whyhd.jpg --> ftp.altechstar.com /images abo_whyhd.jpg
2003.10.15 19:45 B G:\fttpftp\images\about_leftimg.jpg --> ftp.altechstar.com /images about_leftimg.jpg
2003.10.15 19:45 B G:\fttpftp\images\about_rightimg.jpg --> ftp.altechstar.com /images about_rightimg.jpg
2003.10.15 19:45 B G:\fttpftp\images\abouthd.jpg --> ftp.altechstar.com /images abouthd.jpg
2003.10.15 19:45 B G:\fttpftp\images\aiimslogo.jpg --> ftp.altechstar.com /images aiimslogo.jpg
2003.10.15 19:45 B G:\fttpftp\images\alliancehd.jpg --> ftp.altechstar.com /images alliancehd.jpg
2003.10.15 19:46 B G:\fttpftp\images\altechhome.swf --> ftp.altechstar.com /images altechhome.swf
2003.10.15 19:46 B G:\fttpftp\images\altechoffice.jpg --> ftp.altechstar.com /images altechoffice.jpg
2003.10.15 19:46 B G:\fttpftp\images\altechstar_logo.gif --> ftp.altechstar.com /images altechstar_logo.gif
2003.10.15 19:46 B G:\fttpftp\images\amsouthbank.gif --> ftp.altechstar.com /images amsouthbank.gif
2003.10.15 19:46 B G:\fttpftp\images\apollohospitals.gif --> ftp.altechstar.com /images apollohospitals.gif
2003.10.15 19:46 B G:\fttpftp\images\appdev.gif --> ftp.altechstar.com /images appdev.gif
2003.10.15 19:46 B G:\fttpftp\images\appdev_icon.gif --> ftp.altechstar.com /images appdev_icon.gif
2003.10.15 19:46 B G:\fttpftp\images\appdevon.gif --> ftp.altechstar.com /images appdevon.gif
2003.10.15 19:46 B G:\fttpftp\images\appmgmt.gif --> ftp.altechstar.com /images appmgmt.gif
2003.10.15 19:46 B G:\fttpftp\images\appmgmt_icon.gif --> ftp.altechstar.com /images appmgmt_icon.gif
2003.10.16 13:56 B G:\fttpftp\images\a.gif --> ftp.altechstar.com /images a.gif
2003.10.16 13:56 B G:\fttpftp\images\abo_locationhd.jpg --> ftp.altechstar.com /images abo_locationhd.jpg
2003.10.16 13:56 B G:\fttpftp\images\abo_qualityhd.jpg --> ftp.altechstar.com /images abo_qualityhd.jpg
2003.10.16 13:56 B G:\fttpftp\images\abo_whyhd.jpg --> ftp.altechstar.com /images abo_whyhd.jpg
2003.10.16 13:56 B G:\fttpftp\images\about_leftimg.jpg --> ftp.altechstar.com /images about_leftimg.jpg
2003.10.16 13:56 B G:\fttpftp\images\about_rightimg.jpg --> ftp.altechstar.com /images about_rightimg.jpg
2003.10.16 13:57 B G:\fttpftp\images\abouthd.jpg --> ftp.altechstar.com /images abouthd.jpg
2003.10.16 13:57 B G:\fttpftp\images\aiimslogo.jpg --> ftp.altechstar.com /images aiimslogo.jpg
2003.10.16 13:57 B G:\fttpftp\images\alliancehd.jpg --> ftp.altechstar.com /images alliancehd.jpg
2003.10.16 13:58 B G:\fttpftp\images\altechhome.swf --> ftp.altechstar.com /images altechhome.swf
2003.10.16 13:58 B G:\fttpftp\images\altechoffice.jpg --> ftp.altechstar.com /images altechoffice.jpg
2003.10.16 13:58 B G:\fttpftp\images\altechstar_logo.gif --> ftp.altechstar.com /images altechstar_logo.gif
2003.10.16 13:58 B G:\fttpftp\images\amsouthbank.gif --> ftp.altechstar.com /images amsouthbank.gif
2003.10.16 13:58 B G:\fttpftp\images\apollohospitals.gif --> ftp.altechstar.com /images apollohospitals.gif
2003.10.16 13:58 B G:\fttpftp\images\appdev.gif --> ftp.altechstar.com /images appdev.gif
2003.10.16 13:58 B G:\fttpftp\images\appdev_icon.gif --> ftp.altechstar.com /images appdev_icon.gif
2003.10.16 13:58 B G:\fttpftp\images\appdevon.gif --> ftp.altechstar.com /images appdevon.gif
2003.10.16 13:58 B G:\fttpftp\images\appmgmt.gif --> ftp.altechstar.com /images appmgmt.gif
2003.10.16 13:59 B G:\fttpftp\images\appmgmt_icon.gif --> ftp.altechstar.com /images appmgmt_icon.gif
2003.10.16 13:59 B G:\fttpftp\images\appmgmton.gif --> ftp.altechstar.com /images appmgmton.gif
2003.10.16 13:59 B G:\fttpftp\images\arrow.gif --> ftp.altechstar.com /images arrow.gif
2003.10.16 13:59 B G:\fttpftp\images\baktihusada.gif --> ftp.altechstar.com /images baktihusada.gif
2003.10.16 13:59 B G:\fttpftp\images\biz.gif --> ftp.altechstar.com /images biz.gif
2003.10.16 13:59 B G:\fttpftp\images\bizclaire_icon.gif --> ftp.altechstar.com /images bizclaire_icon.gif
2003.10.16 13:59 B G:\fttpftp\images\bizon.gif --> ftp.altechstar.com /images bizon.gif
2003.10.16 13:59 B G:\fttpftp\images\bullet.gif --> ftp.altechstar.com /images bullet.gif
2003.10.16 13:59 B G:\fttpftp\images\careerhd.jpg --> ftp.altechstar.com /images careerhd.jpg
2003.10.16 14:00 B G:\fttpftp\images\casehd1.gif --> ftp.altechstar.com /images casehd1.gif
2003.10.16 14:00 B G:\fttpftp\images\casehd10.gif --> ftp.altechstar.com /images casehd10.gif
2003.10.16 14:00 B G:\fttpftp\images\casehd11.gif --> ftp.altechstar.com /images casehd11.gif
2003.10.16 14:00 B G:\fttpftp\images\casehd12.gif --> ftp.altechstar.com /images casehd12.gif
2003.10.16 14:00 B G:\fttpftp\images\casehd13.gif --> ftp.altechstar.com /images casehd13.gif
2003.10.16 14:00 B G:\fttpftp\images\casehd14.gif --> ftp.altechstar.com /images casehd14.gif
2003.10.16 14:00 B G:\fttpftp\images\casehd2.gif --> ftp.altechstar.com /images casehd2.gif
2003.10.16 14:00 B G:\fttpftp\images\casehd3.gif --> ftp.altechstar.com /images casehd3.gif
2003.10.16 14:00 B G:\fttpftp\images\casehd5.gif --> ftp.altechstar.com /images casehd5.gif
2003.10.16 14:00 B G:\fttpftp\images\casehd6.gif --> ftp.altechstar.com /images casehd6.gif
2003.10.16 14:00 B G:\fttpftp\images\casehd8.gif --> ftp.altechstar.com /images casehd8.gif
2003.10.16 14:01 B G:\fttpftp\images\casehd9.gif --> ftp.altechstar.com /images casehd9.gif
2003.10.16 14:01 B G:\fttpftp\images\casestudy.gif --> ftp.altechstar.com /images casestudy.gif
2003.10.16 14:01 B G:\fttpftp\images\chart.gif --> ftp.altechstar.com /images chart.gif
2003.10.16 14:01 B G:\fttpftp\images\chart_icon.gif --> ftp.altechstar.com /images chart_icon.gif
2003.10.16 14:01 B G:\fttpftp\images\charton.gif --> ftp.altechstar.com /images charton.gif
2003.10.16 14:01 B G:\fttpftp\images\clienthd.jpg --> ftp.altechstar.com /images clienthd.jpg
2003.10.16 14:01 B G:\fttpftp\images\clientspk.gif --> ftp.altechstar.com /images clientspk.gif
2003.10.16 14:01 B G:\fttpftp\images\cmc_logo1.jpg --> ftp.altechstar.com /images cmc_logo1.jpg
2003.10.16 14:01 B G:\fttpftp\images\contacthd.jpg --> ftp.altechstar.com /images contacthd.jpg
2003.10.16 14:02 B G:\fttpftp\images\data.gif --> ftp.altechstar.com /images data.gif
2003.10.16 14:02 B G:\fttpftp\images\data_icon.gif --> ftp.altechstar.com /images data_icon.gif
2003.10.16 14:02 B G:\fttpftp\images\dataon.gif --> ftp.altechstar.com /images dataon.gif
2003.10.16 14:02 B G:\fttpftp\images\deliveryhd.jpg --> ftp.altechstar.com /images deliveryhd.jpg
2003.10.16 14:02 B G:\fttpftp\images\disclaimerhd.gif --> ftp.altechstar.com /images disclaimerhd.gif
2003.10.16 14:02 B G:\fttpftp\images\enter.gif --> ftp.altechstar.com /images enter.gif
2003.10.16 14:02 B G:\fttpftp\images\enter_icon.gif --> ftp.altechstar.com /images enter_icon.gif
2003.10.16 14:03 B G:\fttpftp\images\enteron.gif --> ftp.altechstar.com /images enteron.gif
2003.10.16 14:03 B G:\fttpftp\images\f.gif --> ftp.altechstar.com /images f.gif
2003.10.16 14:03 B G:\fttpftp\images\finac.gif --> ftp.altechstar.com /images finac.gif
2003.10.16 14:03 B G:\fttpftp\images\finac_icon.gif --> ftp.altechstar.com /images finac_icon.gif
2003.10.16 14:03 B G:\fttpftp\images\finacon.gif --> ftp.altechstar.com /images finacon.gif
2003.10.16 14:03 B G:\fttpftp\images\gastro.gif --> ftp.altechstar.com /images gastro.gif
2003.10.16 14:03 B G:\fttpftp\images\gastro_icon.gif --> ftp.altechstar.com /images gastro_icon.gif
2003.10.16 14:03 B G:\fttpftp\images\gastroon.gif --> ftp.altechstar.com /images gastroon.gif
2003.10.16 14:03 B G:\fttpftp\images\gastrov.gif --> ftp.altechstar.com /images gastrov.gif
2003.10.16 14:03 B G:\fttpftp\images\gastrov_icon.gif --> ftp.altechstar.com /images gastrov_icon.gif
2003.10.16 14:04 B G:\fttpftp\images\gastrovon.gif --> ftp.altechstar.com /images gastrovon.gif
2003.10.16 14:04 B G:\fttpftp\images\grahamedika.gif --> ftp.altechstar.com /images grahamedika.gif
2003.10.16 14:05 B G:\fttpftp\images\homeimg.gif --> ftp.altechstar.com /images homeimg.gif
2003.10.16 14:05 B G:\fttpftp\images\i.gif --> ftp.altechstar.com /images i.gif
2003.10.16 14:05 B G:\fttpftp\images\igarashi_logo.gif --> ftp.altechstar.com /images igarashi_logo.gif
2003.10.16 14:05 B G:\fttpftp\images\intro.gif --> ftp.altechstar.com /images intro.gif
2003.10.16 14:05 B G:\fttpftp\images\kankerdhramais.gif --> ftp.altechstar.com /images kankerdhramais.gif
2003.10.16 14:05 B G:\fttpftp\images\locations.gif --> ftp.altechstar.com /images locations.gif
2003.10.16 14:32 B G:\fttpftp\images\logo_vwcredit.gif --> ftp.altechstar.com /images logo_vwcredit.gif
2003.10.16 14:32 B G:\fttpftp\images\medi.gif --> ftp.altechstar.com /images medi.gif
2003.10.16 14:33 B G:\fttpftp\images\medi_icon.gif --> ftp.altechstar.com /images medi_icon.gif
2003.10.16 14:33 B G:\fttpftp\images\medion.gif --> ftp.altechstar.com /images medion.gif
2003.10.16 14:33 B G:\fttpftp\images\motorolalogo.gif --> ftp.altechstar.com /images motorolalogo.gif
2003.10.16 14:33 B G:\fttpftp\images\n.gif --> ftp.altechstar.com /images n.gif
2003.10.16 14:33 B G:\fttpftp\images\navision.gif --> ftp.altechstar.com /images navision.gif
2003.10.16 14:33 B G:\fttpftp\images\navision.jpg --> ftp.altechstar.com /images navision.jpg
2003.10.16 14:33 B G:\fttpftp\images\navision1.gif --> ftp.altechstar.com /images navision1.gif
2003.10.16 14:40 B G:\fttpftp\images\navisionmodules.jpg --> ftp.altechstar.com /images navisionmodules.jpg
2003.10.16 14:40 B G:\fttpftp\images\o.gif --> ftp.altechstar.com /images o.gif
2003.10.16 14:40 B G:\fttpftp\images\obscan.gif --> ftp.altechstar.com /images obscan.gif
2003.10.16 14:40 B G:\fttpftp\images\obscan_icon.gif --> ftp.altechstar.com /images obscan_icon.gif
2003.10.16 14:40 B G:\fttpftp\images\obscanon.gif --> ftp.altechstar.com /images obscanon.gif
2003.10.16 14:40 B G:\fttpftp\images\ourproductshd.gif --> ftp.altechstar.com /images ourproductshd.gif
2003.10.16 14:40 B G:\fttpftp\images\ourserviceshd.gif --> ftp.altechstar.com /images ourserviceshd.gif
2003.10.16 14:40 B G:\fttpftp\images\parr.jpg --> ftp.altechstar.com /images parr.jpg
2003.10.16 14:40 B G:\fttpftp\images\privacyhd.gif --> ftp.altechstar.com /images privacyhd.gif
2003.10.16 14:41 B G:\fttpftp\images\prod_bizhd.jpg --> ftp.altechstar.com /images prod_bizhd.jpg
2003.10.16 14:41 B G:\fttpftp\images\prod_charthd.jpg --> ftp.altechstar.com /images prod_charthd.jpg
2003.10.16 14:41 B G:\fttpftp\images\prod_finachd.jpg --> ftp.altechstar.com /images prod_finachd.jpg
2003.10.16 14:41 B G:\fttpftp\images\prod_gastrohd.jpg --> ftp.altechstar.com /images prod_gastrohd.jpg
2003.10.16 14:41 B G:\fttpftp\images\prod_gastroviewhd.jpg --> ftp.altechstar.com /images prod_gastroviewhd.jpg
2003.10.16 14:41 B G:\fttpftp\images\prod_medihd.jpg --> ftp.altechstar.com /images prod_medihd.jpg
2003.10.16 14:41 B G:\fttpftp\images\prod_obscanhd.jpg --> ftp.altechstar.com /images prod_obscanhd.jpg
2003.10.16 14:41 B G:\fttpftp\images\prod_stelarhd.jpg --> ftp.altechstar.com /images prod_stelarhd.jpg
2003.10.16 14:42 B G:\fttpftp\images\prod_valuehd.jpg --> ftp.altechstar.com /images prod_valuehd.jpg
2003.10.16 14:42 B G:\fttpftp\images\producthd.jpg --> ftp.altechstar.com /images producthd.jpg
2003.10.16 14:42 B G:\fttpftp\images\quote.gif --> ftp.altechstar.com /images quote.gif
2003.10.16 14:42 B G:\fttpftp\images\rotorklogo.gif --> ftp.altechstar.com /images rotorklogo.gif
2003.10.16 14:42 B G:\fttpftp\images\serv_applhd.jpg --> ftp.altechstar.com /images serv_applhd.jpg
2003.10.16 14:42 B G:\fttpftp\images\serv_applmanhd.jpg --> ftp.altechstar.com /images serv_applmanhd.jpg
2003.10.16 14:43 B G:\fttpftp\images\serv_datahd.jpg --> ftp.altechstar.com /images serv_datahd.jpg
2003.10.16 14:43 B G:\fttpftp\images\serv_entrphd.jpg --> ftp.altechstar.com /images serv_entrphd.jpg
2003.10.16 14:43 B G:\fttpftp\images\serv_navihd.jpg --> ftp.altechstar.com /images serv_navihd.jpg
2003.10.16 14:43 B G:\fttpftp\images\serv_webhd.jpg --> ftp.altechstar.com /images serv_webhd.jpg
2003.10.16 14:43 B G:\fttpftp\images\servicehd.jpg --> ftp.altechstar.com /images servicehd.jpg
2003.10.16 14:44 B G:\fttpftp\images\sical.jpg --> ftp.altechstar.com /images sical.jpg
2003.10.16 14:44 B G:\fttpftp\images\sitemaphd.jpg --> ftp.altechstar.com /images sitemaphd.jpg
2003.10.16 14:44 B G:\fttpftp\images\spacer.gif --> ftp.altechstar.com /images spacer.gif
2003.10.16 14:44 B G:\fttpftp\images\stelar.gif --> ftp.altechstar.com /images stelar.gif
2003.10.16 14:44 B G:\fttpftp\images\stelar_icon.gif --> ftp.altechstar.com /images stelar_icon.gif
2003.10.16 14:44 B G:\fttpftp\images\stelaron.gif --> ftp.altechstar.com /images stelaron.gif
2003.10.16 14:44 B G:\fttpftp\images\t.gif --> ftp.altechstar.com /images t.gif
2003.10.16 14:45 B G:\fttpftp\images\termshd.gif --> ftp.altechstar.com /images termshd.gif
2003.10.16 14:46 B G:\fttpftp\images\Thumbs.db --> ftp.altechstar.com /images Thumbs.db
2003.10.16 14:46 B G:\fttpftp\images\unquote.gif --> ftp.altechstar.com /images unquote.gif
2003.10.16 14:46 B G:\fttpftp\images\value.gif --> ftp.altechstar.com /images value.gif
2003.10.16 14:46 B G:\fttpftp\images\value_icon.gif --> ftp.altechstar.com /images value_icon.gif
2003.10.16 14:47 B G:\fttpftp\images\valueon.gif --> ftp.altechstar.com /images valueon.gif
2003.10.16 14:47 B G:\fttpftp\images\verizon.gif --> ftp.altechstar.com /images verizon.gif
2003.10.16 14:47 B G:\fttpftp\images\w.gif --> ftp.altechstar.com /images w.gif
2003.10.16 14:47 B G:\fttpftp\images\web.gif --> ftp.altechstar.com /images web.gif
2003.10.16 14:47 B G:\fttpftp\images\web_icon.gif --> ftp.altechstar.com /images web_icon.gif
2003.10.16 14:47 B G:\fttpftp\images\webon.gif --> ftp.altechstar.com /images webon.gif
2004.04.01 10:34 B G:\fttpftp\images\a.gif --> ftp.altechstar.com /images a.gif
2004.04.01 10:34 B G:\fttpftp\images\abo_locationhd.jpg --> ftp.altechstar.com /images abo_locationhd.jpg
2004.04.01 10:35 B G:\fttpftp\images\abo_qualityhd.jpg --> ftp.altechstar.com /images abo_qualityhd.jpg
2004.04.01 10:35 B G:\fttpftp\images\abo_whyhd.jpg --> ftp.altechstar.com /images abo_whyhd.jpg
2004.04.01 10:35 B G:\fttpftp\images\about_leftimg.jpg --> ftp.altechstar.com /images about_leftimg.jpg
2004.04.01 10:35 B G:\fttpftp\images\about_rightimg.jpg --> ftp.altechstar.com /images about_rightimg.jpg
2004.04.01 10:35 B G:\fttpftp\images\abouthd.jpg --> ftp.altechstar.com /images abouthd.jpg
2004.04.01 10:35 B G:\fttpftp\images\aiimslogo.jpg --> ftp.altechstar.com /images aiimslogo.jpg
2004.04.01 10:35 B G:\fttpftp\images\alliancehd.jpg --> ftp.altechstar.com /images alliancehd.jpg
2004.04.01 10:36 B G:\fttpftp\images\altechhome.swf --> ftp.altechstar.com /images altechhome.swf
2004.04.01 10:36 B G:\fttpftp\images\altechoffice.jpg --> ftp.altechstar.com /images altechoffice.jpg
2004.04.01 10:36 B G:\fttpftp\images\altechstar_logo.gif --> ftp.altechstar.com /images altechstar_logo.gif
2004.04.01 10:36 B G:\fttpftp\images\amsouthbank.gif --> ftp.altechstar.com /images amsouthbank.gif
2004.04.01 10:36 B G:\fttpftp\images\apollohospitals.gif --> ftp.altechstar.com /images apollohospitals.gif
2004.04.01 10:36 B G:\fttpftp\images\appdev.gif --> ftp.altechstar.com /images appdev.gif
